2024-07-14  7:24:57 0 [Note] Starting MariaDB 10.11.6-MariaDB source revision fecd78b83785d5ae96f2c6ff340375be803cd299 as process 80
2024-07-14  7:24:57 0 [Note] InnoDB: Compressed tables use zlib 1.3.1
2024-07-14  7:24:57 0 [Note] InnoDB: Number of transaction pools: 1
2024-07-14  7:24:57 0 [Note] InnoDB: Using ARMv8 crc32 + pmull instructions
2024-07-14  7:24:57 0 [Note] mariadbd: O_TMPFILE is not supported on /var/tmp (disabling future attempts)
2024-07-14  7:24:57 0 [Note] InnoDB: Using Linux native AIO
2024-07-14  7:24:57 0 [Note] InnoDB: Initializing buffer pool, total size = 128.000MiB, chunk size = 2.000MiB
2024-07-14  7:24:57 0 [Note] InnoDB: Completed initialization of buffer pool
2024-07-14  7:24:57 0 [Note] InnoDB: Buffered log writes (block size=512 bytes)
2024-07-14  7:24:57 0 [Note] InnoDB: End of log at LSN=36397
2024-07-14  7:24:57 0 [Note] InnoDB: 128 rollback segments are active.
2024-07-14  7:24:57 0 [Note] InnoDB: Setting file './ibtmp1' size to 12.000MiB. Physically writing the file full; Please wait ...
2024-07-14  7:24:57 0 [Note] InnoDB: File './ibtmp1' size is now 12.000MiB.
2024-07-14  7:24:57 0 [Note] InnoDB: log sequence number 36397; transaction id 4
2024-07-14  7:24:57 0 [Note] Plugin 'FEEDBACK' is disabled.
2024-07-14  7:24:57 0 [Note] InnoDB: Loading buffer pool(s) from /var/lib/mysql/ib_buffer_pool
2024-07-14  7:24:57 0 [ERROR] Could not open mysql.plugin table: "Table 'mysql.plugin' doesn't exist". Some plugins may be not loaded
2024-07-14  7:24:57 0 [Note] InnoDB: Buffer pool(s) load completed at 240714  7:24:57
2024-07-14  7:24:57 0 [ERROR] Can't open and lock privilege tables: Table 'mysql.servers' doesn't exist
2024-07-14  7:24:57 0 [ERROR] Fatal error: Can't open and lock privilege tables: Table 'mysql.db' doesn't exist
2024-07-14  7:24:57 0 [ERROR] Aborting
